Waiting for game fasd
READY
Turn number 0

Opponent (counter 53, optimal 686, score -85.75):
  ||  0 |  1 |  2 |  3 ||
=========================
D || 65 | 49 | 45 | 50 ||
--||----|----|----|----||
C ||  9 | 94 | 84 | 41 ||
--||----|----|----|----||
B || 30 |  0 | 40 | 62 ||
--||----|----|----|----||
A || 70 | 32 |  1 | 35 ||
=========================

My Wall (counter 38, optimal 597, score -74.5916):
  ||  0 |  1 |  2 |  3 ||
=========================
D || 55 | 87 | 18 | 66 ||
--||----|----|----|----||
C || 69 | 53 | 44 | 54 ||
--||----|----|----|----||
B || 96 | 81 | 89 | 80 ||
--||----|----|----|----||
A || 68 | 17 |  8 | 21 ||
=========================
deck size 66
  Candidate moves (22)
  A0: -80.3722
  A1: -73.906
  A2: -72.8211
  A3: -74.4667
  B0: -80.4997
  B1: -78.3705
  B2: -72.864
  B3: -70.4826
  C0: -78.3705
  C1: -75.3549
  C2: -74.5916
  C3: -71.5369
  D0: -75.3409
  D1: -69.3866
  D2: -74.5916
  D3: -68.8899

  Max if take discarded-68.8899
  Max random-67.9958
  My Wall (score -74.5916):
Worse than random. Drawing
  Candidate moves (76)
  A0: -73.57
  A1: -67.7391
  A2: -68.9861
  A3: -74.5685
  B0: -74.621
  B1: -74.6053
  B2: -72.9681
  B3: -74.0921
  C0: -74.5916
  C1: -75.4658
  C2: -78.2283
  C3: -77.3538
  D0: -75.4798
  D1: -73.1956
  D2: -80.3703
  D3: -75.863
Replacing 17 at A1 with 76
Turn number 1

Opponent (counter 49, optimal 675, score -84.3749):
  ||  0 |  1 |  2 |  3 ||
=========================
D || 65 | 49 | 45 | 50 ||
--||----|----|----|----||
C ||  9 | 94 | 84 | 17 ||
--||----|----|----|----||
B || 30 |  0 | 40 | 62 ||
--||----|----|----|----||
A || 70 | 32 |  1 | 35 ||
=========================

My Wall (counter 33, optimal 545, score -67.7391):
  ||  0 |  1 |  2 |  3 ||
=========================
D || 55 | 87 | 18 | 66 ||
--||----|----|----|----||
C || 69 | 53 | 44 | 54 ||
--||----|----|----|----||
B || 96 | 81 | 89 | 80 ||
--||----|----|----|----||
A || 68 | 76 |  8 | 21 ||
=========================
deck size 65
  Candidate moves (41)
  A0: -71.4695
  A1: -71.5369
  A2: -63.0327
  A3: -66.8737
  B0: -71.6213
  B1: -69.4172
  B2: -65.4133
  B3: -63.6594
  C0: -69.4512
  C1: -67.8966
  C2: -67.7391
  C3: -65.4594
  D0: -67.7391
  D1: -58.938
  D2: -69.099
  D3: -62.2691

  Max if take discarded-58.938
  Max random-58.3033
  My Wall (score -67.7391):
Worse than random. Drawing
  Candidate moves (61)
  A0: -68.7658
  A1: -68.7281
  A2: -60.0743
  A3: -66.616
  B0: -69.0966
  B1: -67.7391
  B2: -65.0202
  B3: -65.143
  C0: -67.7391
  C1: -67.4752
  C2: -69.4699
  C3: -68.6045
  D0: -67.7391
  D1: -63.221
  D2: -71.911
  D3: -67.121
Replacing 8 at A2 with 61
Turn number 2

Opponent (counter 41, optimal 645, score -80.6169):
  ||  0 |  1 |  2 |  3 ||
=========================
D || 65 | 49 | 45 |  8 ||
--||----|----|----|----||
C ||  9 | 94 | 84 | 17 ||
--||----|----|----|----||
B || 30 |  0 | 40 | 62 ||
--||----|----|----|----||
A || 70 | 32 |  1 | 35 ||
=========================

My Wall (counter 29, optimal 501, score -60.0743):
  ||  0 |  1 |  2 |  3 ||
=========================
D || 55 | 87 | 18 | 66 ||
--||----|----|----|----||
C || 69 | 53 | 44 | 54 ||
--||----|----|----|----||
B || 96 | 81 | 89 | 80 ||
--||----|----|----|----||
A || 68 | 76 | 61 | 21 ||
=========================
deck size 64
  Candidate moves (50)
  A0: -64.6684
  A1: -64.4065
  A2: -61.3159
  A3: -59.2656
  B0: -64.958
  B1: -61.9407
  B2: -56.2956
  B3: -55.1946
  C0: -62.3197
  C1: -60.0743
  C2: -60.4208
  C3: -58.0572
  D0: -60.0743
  D1: -41
  D2: -63.4592
  D3: -47.1751

  Max if take discarded-41
  Max random-41.5555
  My Wall (score -60.0743):
  Better than random
  Candidate moves (50)
  A0: -64.6684
  A1: -64.4065
  A2: -61.3159
  A3: -59.2656
  B0: -64.958
  B1: -61.9407
  B2: -56.2956
  B3: -55.1946
  C0: -62.3197
  C1: -60.0743
  C2: -60.4208
  C3: -58.0572
  D0: -60.0743
  D1: -41
  D2: -63.4592
  D3: -47.1751
Replacing 87 at D1 with 50
Turn number 3

Opponent (counter 36, optimal 608, score -75.9011):
  ||  0 |  1 |  2 |  3 ||
=========================
D || 65 | 49 | 45 |  8 ||
--||----|----|----|----||
C ||  9 | 94 | 84 | 17 ||
--||----|----|----|----||
B || 30 |  0 | 40 | 62 ||
--||----|----|----|----||
A || 70 | 87 |  1 | 35 ||
=========================

My Wall (counter 24, optimal 464, score -41):
  ||  0 |  1 |  2 |  3 ||
=========================
D || 55 | 50 | 18 | 66 ||
--||----|----|----|----||
C || 69 | 53 | 44 | 54 ||
--||----|----|----|----||
B || 96 | 81 | 89 | 80 ||
--||----|----|----|----||
A || 68 | 76 | 61 | 21 ||
=========================
deck size 64
  Candidate moves (32)
  A0: -61.5767
  A1: -60.0743
  A2: -51.2215
  A3: -40.5625
  B0: -62.2995
  B1: -56.6259
  B2: -39.75
  B3: -34.6566
  C0: -58.1105
  C1: -49.3939
  C2: -41
  C3: -30.9423
  D0: -45.5412
  D1: -40.8125
  D2: -41.125
  D3: -19.6955

  Max if take discarded-19.6955
  Max random-23.1251
  My Wall (score -41):
  Better than random
  Candidate moves (32)
  A0: -61.5767
  A1: -60.0743
  A2: -51.2215
  A3: -40.5625
  B0: -62.2995
  B1: -56.6259
  B2: -39.75
  B3: -34.6566
  C0: -58.1105
  C1: -49.3939
  C2: -41
  C3: -30.9423
  D0: -45.5412
  D1: -40.8125
  D2: -41.125
  D3: -19.6955
Replacing 66 at D3 with 32
Turn number 4

Opponent (counter 30, optimal 557, score -67.7457):
  ||  0 |  1 |  2 |  3 ||
=========================
D || 65 | 49 | 45 |  8 ||
--||----|----|----|----||
C ||  9 | 94 | 84 | 17 ||
--||----|----|----|----||
B || 30 |  0 | 40 | 62 ||
--||----|----|----|----||
A || 70 | 87 | 66 | 35 ||
=========================

My Wall (counter 18, optimal 430, score -19.6955):
  ||  0 |  1 |  2 |  3 ||
=========================
D || 55 | 50 | 18 | 32 ||
--||----|----|----|----||
C || 69 | 53 | 44 | 54 ||
--||----|----|----|----||
B || 96 | 81 | 89 | 80 ||
--||----|----|----|----||
A || 68 | 76 | 61 | 21 ||
=========================
deck size 64
  Candidate moves (1)
  A0: -55.7173
  A1: -48.1866
  A2: -37.0162
  A3: -19.814
  B0: -58.1673
  B1: -37.0162
  B2: -21.7024
  B3: -16.616
  C0: -42.0625
  C1: -31.4466
  C2: -24.0976
  C3: -16.625
  D0: -27.5901
  D1: -24.0529
  D2: -19.6955
  D3: -16.652

  Max if take discarded-16.616
  Max random-16.2009
  My Wall (score -19.6955):
Worse than random. Drawing
  Candidate moves (56)
  A0: -21.7499
  A1: -19.7725
  A2: -19.6955
  A3: -16.6632
  B0: -27.2709
  B1: -18.0772
  B2: -15.3983
  B3: -15.3928
  C0: -18.0772
  C1: -18.0772
  C2: -19.7488
  C3: -19.7073
  D0: -19.6955
  D1: -24.1125
  D2: -27.5673
  D3: -35.742
Replacing 80 at B3 with 56
Turn number 5

Opponent (counter 26, optimal 518, score -54.3285):
  ||  0 |  1 |  2 |  3 ||
=========================
D || 65 | 49 | 45 |  8 ||
--||----|----|----|----||
C ||  9 | 94 | 84 | 17 ||
--||----|----|----|----||
B || 80 |  0 | 40 | 62 ||
--||----|----|----|----||
A || 70 | 87 | 66 | 35 ||
=========================

My Wall (counter 15, optimal 406, score -15.3928):
  ||  0 |  1 |  2 |  3 ||
=========================
D || 55 | 50 | 18 | 32 ||
--||----|----|----|----||
C || 69 | 53 | 44 | 54 ||
--||----|----|----|----||
B || 96 | 81 | 89 | 56 ||
--||----|----|----|----||
A || 68 | 76 | 61 | 21 ||
=========================
deck size 63
  Candidate moves (30)
  A0: -35.2701
  A1: -27.3165
  A2: -21.6171
  A3: -15.3832
  B0: -39.8125
  B1: -21.6171
  B2: -15.3653
  B3: -17.9563
  C0: -23.9933
  C1: -19.5532
  C2: -16.625
  C3: -14.2259
  D0: -17.9893
  D1: -16.6183
  D2: -15.3928
  D3: -15.39

  Max if take discarded-14.2259
  Max random-12.7508
  My Wall (score -15.3928):
Worse than random. Drawing
  Candidate moves (26)
  A0: -35.4588
  A1: -27.4077
  A2: -21.655
  A3: -15.3859
  B0: -40.0625
  B1: -21.655
  B2: -15.3681
  B3: -17.9563
  C0: -24.0529
  C1: -19.5651
  C2: -16.625
  C3: -14.2259
  D0: -17.9966
  D1: -16.6183
  D2: -15.3928
  D3: -15.3845
Replacing 54 at C3 with 26
Turn number 6

Opponent (counter 26, optimal 518, score -54.3285):
  ||  0 |  1 |  2 |  3 ||
=========================
D || 65 | 49 | 45 |  8 ||
--||----|----|----|----||
C ||  9 | 94 | 84 | 17 ||
--||----|----|----|----||
B || 80 |  0 | 40 | 62 ||
--||----|----|----|----||
A || 70 | 87 | 66 | 54 ||
=========================

My Wall (counter 14, optimal 382, score -14.2259):
  ||  0 |  1 |  2 |  3 ||
=========================
D || 55 | 50 | 18 | 32 ||
--||----|----|----|----||
C || 69 | 53 | 44 | 26 ||
--||----|----|----|----||
B || 96 | 81 | 89 | 56 ||
--||----|----|----|----||
A || 68 | 76 | 61 | 21 ||
=========================
deck size 62
  Candidate moves (35)
  A0: -23.7996
  A1: -19.6125
  A2: -16.6093
  A3: -12.0862
  B0: -26.6552
  B1: -16.6093
  B2: -12.0822
  B3: -14.2184
  C0: -17.9636
  C1: -16.5711
  C2: -14.2259
  C3: -13.144
  D0: -15.3598
  D1: -14.2234
  D2: -13.144
  D3: -14.2284

  Max if take discarded-12.0822
  Max random-11.3732
  My Wall (score -14.2259):
Worse than random. Drawing
  Candidate moves (14)
  A0: -39.25
  A1: -30.7742
  A2: -23.8741
  A3: -14.2317
  B0: -39.3125
  B1: -21.5412
  B2: -15.3516
  B3: -15.3475
  C0: -23.8741
  C1: -21.3137
  C2: -17.9014
  C3: -13.1414
  D0: -17.9526
  D1: -16.5643
  D2: -14.2259
  D3: -11.0529
Replacing 32 at D3 with 14
Turn number 7

Opponent (counter 24, optimal 503, score -43.4375):
  ||  0 |  1 |  2 |  3 ||
=========================
D || 65 | 49 | 45 |  8 ||
--||----|----|----|----||
C ||  9 | 94 | 84 | 17 ||
--||----|----|----|----||
B || 80 |  0 | 40 | 32 ||
--||----|----|----|----||
A || 70 | 87 | 66 | 54 ||
=========================

My Wall (counter 11, optimal 370, score -11.0529):
  ||  0 |  1 |  2 |  3 ||
=========================
D || 55 | 50 | 18 | 14 ||
--||----|----|----|----||
C || 69 | 53 | 44 | 26 ||
--||----|----|----|----||
B || 96 | 81 | 89 | 56 ||
--||----|----|----|----||
A || 68 | 76 | 61 | 21 ||
=========================
deck size 61
  Candidate moves (62)
  A0: -11.054
  A1: -10.0338
  A2: -11.0529
  A3: -10.0322
  B0: -13.1389
  B1: -9.02059
  B2: -8.01199
  B3: -12.0865
  C0: -10.033
  C1: -11.0529
  C2: -13.143
  C3: -15.3873
  D0: -11.0529
  D1: -13.1414
  D2: -16.616
  D3: -23.7549

  Max if take discarded-8.01199
  Max random-8.85862
  My Wall (score -11.0529):
  Better than random
  Candidate moves (62)
  A0: -11.054
  A1: -10.0338
  A2: -11.0529
  A3: -10.0322
  B0: -13.1389
  B1: -9.02059
  B2: -8.01199
  B3: -12.0865
  C0: -10.033
  C1: -11.0529
  C2: -13.143
  C3: -15.3873
  D0: -11.0529
  D1: -13.1414
  D2: -16.616
  D3: -23.7549
Replacing 89 at B2 with 62
Turn number 8

Opponent (counter 24, optimal 503, score -43.4375):
  ||  0 |  1 |  2 |  3 ||
=========================
D || 65 | 49 | 45 |  8 ||
--||----|----|----|----||
C ||  9 | 94 | 84 | 17 ||
--||----|----|----|----||
B || 80 |  0 | 40 | 32 ||
--||----|----|----|----||
A || 70 | 87 | 66 | 54 ||
=========================

My Wall (counter 8, optimal 350, score -8.01199):
  ||  0 |  1 |  2 |  3 ||
=========================
D || 55 | 50 | 18 | 14 ||
--||----|----|----|----||
C || 69 | 53 | 44 | 26 ||
--||----|----|----|----||
B || 96 | 81 | 62 | 56 ||
--||----|----|----|----||
A || 68 | 76 | 61 | 21 ||
=========================
deck size 60
  Candidate moves (2)
  A0: -21.5033
  A1: -18.0296
  A2: -14.2409
  A3: -9.02052
  B0: -19.6184
  B1: -14.2409
  B2: -12.0865
  B3: -9.01886
  C0: -14.2409
  C1: -13.1384
  C2: -11.0499
  C3: -8.01199
  D0: -11.054
  D1: -10.0309
  D2: -9.01921
  D3: -8.01199

  Max if take discarded-8.01199
  Max random-6.60686
  My Wall (score -8.01199):
Worse than random. Drawing
  Candidate moves (20)
  A0: -17.96
  A1: -15.3832
  A2: -12.0884
  A3: -8.01203
  B0: -16.6093
  B1: -12.0884
  B2: -10.0317
  B3: -8.01161
  C0: -12.0884
  C1: -11.0507
  C2: -9.01921
  C3: -7.00748
  D0: -9.01976
  D1: -8.01186
  D2: -8.01199
  D3: -9.01921
Replacing 26 at C3 with 20
Turn number 9

Opponent (counter 23, optimal 488, score -37.3465):
  ||  0 |  1 |  2 |  3 ||
=========================
D || 65 | 49 | 26 |  8 ||
--||----|----|----|----||
C ||  9 | 94 | 84 | 17 ||
--||----|----|----|----||
B || 80 |  0 | 40 | 32 ||
--||----|----|----|----||
A || 70 | 87 | 66 | 54 ||
=========================

My Wall (counter 7, optimal 350, score -7.00748):
  ||  0 |  1 |  2 |  3 ||
=========================
D || 55 | 50 | 18 | 14 ||
--||----|----|----|----||
C || 69 | 53 | 44 | 20 ||
--||----|----|----|----||
B || 96 | 81 | 62 | 56 ||
--||----|----|----|----||
A || 68 | 76 | 61 | 21 ||
=========================
deck size 59
  Candidate moves (45)
  A0: -13.1369
  A1: -11.0537
  A2: -8.01228
  A3: -7.0073
  B0: -13.1374
  B1: -9.01969
  B2: -7.00748
  B3: -7.00725
  C0: -9.01969
  C1: -8.01199
  C2: -7.00748
  C3: -9.02025
  D0: -8.01199
  D1: -7.0074
  D2: -8.01262
  D3: -11.0539

  Max if take discarded-7.00725
  Max random-6.00529
  My Wall (score -7.00748):
Worse than random. Drawing
  Candidate moves (39)
  A0: -14.2234
  A1: -12.0878
  A2: -9.02011
  A3: -7.0073
  B0: -14.2242
  B1: -10.0322
  B2: -8.01199
  B3: -7.00725
  C0: -10.0322
  C1: -9.01921
  C2: -7.00748
  C3: -8.01237
  D0: -8.01199
  D1: -7.0074
  D2: -7.0077
  D3: -10.0329
Replacing 56 at B3 with 39
Turn number 10

Opponent (counter 23, optimal 488, score -37.3465):
  ||  0 |  1 |  2 |  3 ||
=========================
D || 65 | 49 | 26 |  8 ||
--||----|----|----|----||
C ||  9 | 94 | 84 | 17 ||
--||----|----|----|----||
B || 80 |  0 | 56 | 32 ||
--||----|----|----|----||
A || 70 | 87 | 66 | 54 ||
=========================

My Wall (counter 7, optimal 341, score -7.00725):
  ||  0 |  1 |  2 |  3 ||
=========================
D || 55 | 50 | 18 | 14 ||
--||----|----|----|----||
C || 69 | 53 | 44 | 20 ||
--||----|----|----|----||
B || 96 | 81 | 62 | 39 ||
--||----|----|----|----||
A || 68 | 76 | 61 | 21 ||
=========================
deck size 58
  Candidate moves (40)
  A0: -13.1348
  A1: -11.0529
  A2: -8.01211
  A3: -6.00441
  B0: -13.1353
  B1: -9.01942
  B2: -7.00725
  B3: -7.00725
  C0: -10.0311
  C1: -9.01859
  C2: -7.00725
  C3: -9.01928
  D0: -8.01161
  D1: -7.00717
  D2: -7.0075
  D3: -11.0512

  Max if take discarded-6.00441
  Max random-5.86687
  My Wall (score -7.00725):
Worse than random. Drawing
  Candidate moves (71)
  A0: -6.00447
  A1: -7.00725
  A2: -7.00725
  A3: -8.0114
  B0: -8.01161
  B1: -6.00452
  B2: -8.0117
  B3: -10.0325
  C0: -7.00725
  C1: -9.01873
  C2: -12.0831
  C3: -15.3598
  D0: -9.01873
  D1: -11.0514
  D2: -15.3598
  D3: -21.2757
Replacing 68 at A0 with 71
Turn number 11

Opponent (counter 17, optimal 436, score -18.0992):
  ||  0 |  1 |  2 |  3 ||
=========================
D || 65 | 49 | 26 |  8 ||
--||----|----|----|----||
C ||  9 | 94 | 84 | 17 ||
--||----|----|----|----||
B || 80 | 68 | 56 | 32 ||
--||----|----|----|----||
A || 70 | 87 | 66 | 54 ||
=========================

My Wall (counter 6, optimal 338, score -6.00447):
  ||  0 |  1 |  2 |  3 ||
=========================
D || 55 | 50 | 18 | 14 ||
--||----|----|----|----||
C || 69 | 53 | 44 | 20 ||
--||----|----|----|----||
B || 96 | 81 | 62 | 39 ||
--||----|----|----|----||
A || 71 | 76 | 61 | 21 ||
=========================
deck size 57
  Candidate moves (0)
  A0: -19.571
  A1: -15.3942
  A2: -12.0909
  A3: -8.01237
  B0: -16.6273
  B1: -12.0909
  B2: -10.0326
  B3: -7.00732
  C0: -13.1455
  C1: -11.0522
  C2: -9.01879
  C3: -7.00717
  D0: -9.02031
  D1: -8.01161
  D2: -7.00717
  D3: -6.00447

  Max if take discarded-6.00447
  Max random-5.12596
  My Wall (score -6.00447):
Worse than random. Drawing
  Candidate moves (60)
  A0: -9.01914
  A1: -7.0074
  A2: -6.00447
  A3: -5.00272
  B0: -8.01186
  B1: -5.00279
  B2: -5.00279
  B3: -6.00467
  C0: -6.00447
  C1: -6.00447
  C2: -7.0075
  C3: -10.0328
  D0: -6.00447
  D1: -8.0119
  D2: -10.0328
  D3: -14.2225
Replacing 21 at A3 with 60
Turn number 12

Opponent (counter 12, optimal 399, score -12.0937):
  ||  0 |  1 |  2 |  3 ||
=========================
D || 65 | 49 | 26 |  8 ||
--||----|----|----|----||
C ||  9 | 94 | 38 | 17 ||
--||----|----|----|----||
B || 80 | 68 | 56 | 32 ||
--||----|----|----|----||
A || 70 | 87 | 66 | 54 ||
=========================

My Wall (counter 5, optimal 331, score -5.00272):
  ||  0 |  1 |  2 |  3 ||
=========================
D || 55 | 50 | 18 | 14 ||
--||----|----|----|----||
C || 69 | 53 | 44 | 20 ||
--||----|----|----|----||
B || 96 | 81 | 62 | 39 ||
--||----|----|----|----||
A || 71 | 76 | 61 | 60 ||
=========================
deck size 55
  Candidate moves (84)
  A0: -3.00103
  A1: -4.0017
  A2: -6.00437
  A3: -8.01182
  B0: -5.00272
  B1: -5.00272
  B2: -8.01182
  B3: -11.0525
  C0: -6.00437
  C1: -9.01893
  C2: -12.0841
  C3: -15.3639
  D0: -7.00737
  D1: -11.052
  D2: -15.3639
  D3: -21.3042

  Max if take discarded-3.00103
  Max random-4.14741
  My Wall (score -5.00272):
  Better than random
  Candidate moves (84)
  A0: -3.00103
  A1: -4.0017
  A2: -6.00437
  A3: -8.01182
  B0: -5.00272
  B1: -5.00272
  B2: -8.01182
  B3: -11.0525
  C0: -6.00437
  C1: -9.01893
  C2: -12.0841
  C3: -15.3639
  D0: -7.00737
  D1: -11.052
  D2: -15.3639
  D3: -21.3042
Replacing 71 at A0 with 84
Turn number 13

Opponent (counter 8, optimal 356, score -8.01224):
  ||  0 |  1 |  2 |  3 ||
=========================
D || 65 | 49 | 26 |  8 ||
--||----|----|----|----||
C || 71 | 94 | 38 | 17 ||
--||----|----|----|----||
B || 80 | 68 | 56 | 32 ||
--||----|----|----|----||
A || 70 | 87 | 66 | 54 ||
=========================

My Wall (counter 3, optimal 323, score -3.00103):
  ||  0 |  1 |  2 |  3 ||
=========================
D || 55 | 50 | 18 | 14 ||
--||----|----|----|----||
C || 69 | 53 | 44 | 20 ||
--||----|----|----|----||
B || 96 | 81 | 62 | 39 ||
--||----|----|----|----||
A || 84 | 76 | 61 | 60 ||
=========================
deck size 55
  Candidate moves (9)
  A0: -17.9417
  A1: -13.1419
  A2: -9.02031
  A3: -6.00453
  B0: -13.1419
  B1: -10.0326
  B2: -7.00727
  B3: -5.00265
  C0: -10.0326
  C1: -8.01165
  C2: -6.00424
  C3: -4.00165
  D0: -6.00453
  D1: -5.00262
  D2: -4.00165
  D3: -3.00103

  Max if take discarded-3.00103
  Max random-2.65544
  My Wall (score -3.00103):
Worse than random. Drawing
  Candidate moves (10)
  A0: -17.938
  A1: -13.1414
  A2: -9.02025
  A3: -6.00452
  B0: -13.1414
  B1: -10.0325
  B2: -7.00725
  B3: -5.00265
  C0: -10.0325
  C1: -8.01161
  C2: -6.00424
  C3: -4.00165
  D0: -6.00452
  D1: -5.00262
  D2: -4.00165
  D3: -3.00103
Turn number 14

Opponent (counter 8, optimal 356, score -8.01224):
  ||  0 |  1 |  2 |  3 ||
=========================
D || 65 | 49 | 26 |  8 ||
--||----|----|----|----||
C || 71 | 94 | 38 | 17 ||
--||----|----|----|----||
B || 80 | 68 | 56 | 32 ||
--||----|----|----|----||
A || 70 | 87 | 66 | 54 ||
=========================

My Wall (counter 3, optimal 323, score -3.00103):
  ||  0 |  1 |  2 |  3 ||
=========================
D || 55 | 50 | 18 | 14 ||
--||----|----|----|----||
C || 69 | 53 | 44 | 20 ||
--||----|----|----|----||
B || 96 | 81 | 62 | 39 ||
--||----|----|----|----||
A || 84 | 76 | 61 | 60 ||
=========================
deck size 53
  Candidate moves (64)
  A0: -6.00447
  A1: -3.00105
  A2: -2.00064
  A3: -4.00165
  B0: -4.00168
  B1: -2.00064
  B2: -3.00103
  B3: -6.0045
  C0: -3.00103
  C1: -3.00103
  C2: -6.0045
  C3: -9.01969
  D0: -3.00103
  D1: -5.00278
  D2: -9.01969
  D3: -13.1338

  Max if take discarded-2.00064
  Max random-2.66127
  My Wall (score -3.00103):
  Better than random
  Candidate moves (64)
  A0: -6.00447
  A1: -3.00105
  A2: -2.00064
  A3: -4.00165
  B0: -4.00168
  B1: -2.00064
  B2: -3.00103
  B3: -6.0045
  C0: -3.00103
  C1: -3.00103
  C2: -6.0045
  C3: -9.01969
  D0: -3.00103
  D1: -5.00278
  D2: -9.01969
  D3: -13.1338
Replacing 61 at A2 with 64
Turn number 15

Opponent (counter 8, optimal 356, score -8.01224):
  ||  0 |  1 |  2 |  3 ||
=========================
D || 65 | 49 | 26 |  8 ||
--||----|----|----|----||
C || 71 | 94 | 38 | 17 ||
--||----|----|----|----||
B || 80 | 68 | 56 | 32 ||
--||----|----|----|----||
A || 70 | 87 | 66 | 54 ||
=========================

My Wall (counter 2, optimal 323, score -2.00064):
  ||  0 |  1 |  2 |  3 ||
=========================
D || 55 | 50 | 18 | 14 ||
--||----|----|----|----||
C || 69 | 53 | 44 | 20 ||
--||----|----|----|----||
B || 96 | 81 | 62 | 39 ||
--||----|----|----|----||
A || 84 | 76 | 64 | 60 ||
=========================
deck size 52
  Candidate moves (5)
  A0: -16.6048
  A1: -12.0899
  A2: -9.02059
  A3: -5.00286
  B0: -12.0899
  B1: -9.02059
  B2: -7.00737
  B3: -4.00166
  C0: -9.02059
  C1: -7.00737
  C2: -5.00266
  C3: -3.00103
  D0: -5.00286
  D1: -4.00164
  D2: -3.00103
  D3: -2.00064

  Max if take discarded-2.00064
  Max random-1.80828
  My Wall (score -2.00064):
Worse than random. Drawing
  Candidate moves (47)
  A0: -11.0501
  A1: -7.00735
  A2: -4.00168
  A3: -2.00064
  B0: -7.00735
  B1: -4.00168
  B2: -2.00064
  B3: -2.00064
  C0: -5.00269
  C1: -3.00103
  C2: -2.00064
  C3: -4.00175
  D0: -3.00103
  D1: -2.00063
  D2: -3.00109
  D3: -6.00466
Replacing 50 at D1 with 47
Turn number 16

Opponent (counter 3, optimal 331, score -3.00106):
  ||  0 |  1 |  2 |  3 ||
=========================
D || 65 | 49 | 26 |  8 ||
--||----|----|----|----||
C || 71 | 50 | 38 | 17 ||
--||----|----|----|----||
B || 80 | 68 | 56 | 32 ||
--||----|----|----|----||
A || 70 | 87 | 66 | 54 ||
=========================

My Wall (counter 2, optimal 320, score -2.00063):
  ||  0 |  1 |  2 |  3 ||
=========================
D || 55 | 47 | 18 | 14 ||
--||----|----|----|----||
C || 69 | 53 | 44 | 20 ||
--||----|----|----|----||
B || 96 | 81 | 62 | 39 ||
--||----|----|----|----||
A || 84 | 76 | 64 | 60 ||
=========================
deck size 51
  Candidate moves (94)
  A0: -2.00063
  A1: -2.00063
  A2: -4.00164
  A3: -5.00285
  B0: -2.00063
  B1: -3.00102
  B2: -6.00458
  B3: -8.0127
  C0: -3.00102
  C1: -6.00458
  C2: -9.02038
  C3: -12.089
  D0: -4.00178
  D1: -8.0127
  D2: -12.089
  D3: -16.598

  Max if take discarded-2.00063
  Max random-1.80451
  My Wall (score -2.00063):
Worse than random. Drawing
  Candidate moves (25)
  A0: -13.1374
  A1: -9.02018
  A2: -6.00461
  A3: -3.00103
  B0: -9.02018
  B1: -6.00461
  B2: -4.00165
  B3: -2.00063
  C0: -6.00461
  C1: -4.00165
  C2: -2.00063
  C3: -2.00063
  D0: -3.00103
  D1: -2.00063
  D2: -2.00063
  D3: -4.00166
Turn number 17

Opponent (counter 3, optimal 331, score -3.00106):
  ||  0 |  1 |  2 |  3 ||
=========================
D || 65 | 49 | 26 |  8 ||
--||----|----|----|----||
C || 71 | 50 | 38 | 17 ||
--||----|----|----|----||
B || 80 | 68 | 56 | 32 ||
--||----|----|----|----||
A || 70 | 87 | 66 | 54 ||
=========================

My Wall (counter 2, optimal 320, score -2.00063):
  ||  0 |  1 |  2 |  3 ||
=========================
D || 55 | 47 | 18 | 14 ||
--||----|----|----|----||
C || 69 | 53 | 44 | 20 ||
--||----|----|----|----||
B || 96 | 81 | 62 | 39 ||
--||----|----|----|----||
A || 84 | 76 | 64 | 60 ||
=========================
deck size 49
  Candidate moves (85)
  A0: -2.00063
  A1: -2.00063
  A2: -4.00163
  A3: -5.00277
  B0: -2.00063
  B1: -3.00102
  B2: -6.00444
  B3: -8.01232
  C0: -3.00102
  C1: -6.00444
  C2: -9.01976
  C3: -12.0862
  D0: -4.00173
  D1: -8.01232
  D2: -12.0862
  D3: -16.5778

  Max if take discarded-2.00063
  Max random-1.7965
  My Wall (score -2.00063):
Worse than random. Drawing
  Candidate moves (95)
  A0: -2.00063
  A1: -2.00063
  A2: -4.00165
  A3: -5.00286
  B0: -2.00063
  B1: -3.00103
  B2: -6.0046
  B3: -8.01274
  C0: -3.00103
  C1: -6.0046
  C2: -9.02045
  C3: -12.0893
  D0: -4.00178
  D1: -8.01274
  D2: -12.0893
  D3: -16.6003
Turn number 18
***LOSE***
